Last login: Fri Apr 10 15:36:24 2026 from 3fff:172:20:20::1


r1>
r1>terminal width 511
Width set to 511 columns.
r1>terminal length 0
Pagination disabled.
r1>
r1>
r1>enable
r1#
r1#show ip route

VRF: default
Source Codes:
       C - connected, S - static, K - kernel,
       O - OSPF, O IA - OSPF inter area, O E1 - OSPF external type 1,
       O E2 - OSPF external type 2, O N1 - OSPF NSSA external type 1,
       O N2 - OSPF NSSA external type2, O3 - OSPFv3,
       O3 IA - OSPFv3 inter area, O3 E1 - OSPFv3 external type 1,
       O3 E2 - OSPFv3 external type 2,
       O3 N1 - OSPFv3 NSSA external type 1,
       O3 N2 - OSPFv3 NSSA external type2, B - Other BGP Routes,
       B I - iBGP, B E - eBGP, R - RIP, I L1 - IS-IS level 1,
       I L2 - IS-IS level 2, A B - BGP Aggregate,
       A O - OSPF Summary, NG - Nexthop Group Static Route,
       V - VXLAN Control Service, M - Martian,
       DH - DHCP client installed default route,
       DP - Dynamic Policy Route, L - VRF Leaked,
       G  - gRIBI, RC - Route Cache Route,
       CL - CBF Leaked Route

Gateway of last resort:
 S        0.0.0.0/0 [1/0]
           via 172.20.20.1, Management0

 C        10.0.1.0/24
           directly connected, Ethernet1
 C        10.0.2.0/24
           directly connected, Ethernet2
 C        172.20.20.0/24
           directly connected, Management0
 S        192.168.10.0/24 [1/0]
           via 10.0.1.2, Ethernet1

r1#
r1#exit
